\BOOKMARK [0][-]{section*.2}{فهرست اشکال}{}% 1
\BOOKMARK [0][-]{section*.3}{فهرست جداول}{}% 2
\BOOKMARK [0][-]{chapter.1}{مقدمه}{}% 3
\BOOKMARK [0][-]{chapter.2}{روش‌های مبتنی بر ساختار}{}% 4
\BOOKMARK [1][-]{section.2.1}{روش مبتنی بر درخت}{chapter.2}% 5
\BOOKMARK [1][-]{section.2.2}{روش مبتنی بر قالب}{chapter.2}% 6
\BOOKMARK [1][-]{section.2.3}{روش مبتنی بر هستان شناسی}{chapter.2}% 7
\BOOKMARK [1][-]{section.2.4}{روش عبارت مقدمه و بدنه}{chapter.2}% 8
\BOOKMARK [1][-]{section.2.5}{روش مبتنی بر گراف}{chapter.2}% 9
\BOOKMARK [1][-]{section.2.6}{روش مبتنی بر قانون }{chapter.2}% 10
\BOOKMARK [0][-]{chapter.3}{روش‌های مبتنی بر شبکه‌ی عصبی}{}% 11
\BOOKMARK [1][-]{section.3.1}{روش‌های مبتنی بر مدل کدگذار-کدگشا}{chapter.3}% 12
\BOOKMARK [1][-]{section.3.2}{روش ‌های مبتنی بر مدل ترنسفورمر ها}{chapter.3}% 13
\BOOKMARK [1][-]{section.3.3}{روش های مبتنی بر مدل‌های از پیش آموزش دیده}{chapter.3}% 14
\BOOKMARK [0][-]{chapter.4}{روش های مبتنی بر یادگیری تقویتی}{}% 15
\BOOKMARK [0][-]{chapter.5}{نتایج}{}% 16
\BOOKMARK [0][-]{chapter.6}{جمع‌بندی}{}% 17
\BOOKMARK [0][-]{appendix*.6}{منابع و مراجع}{}% 18
\BOOKMARK [0][-]{appendix*.7}{واژه‌نامه‌ی فارسی به انگلیسی}{}% 19
\BOOKMARK [0][-]{appendix*.8}{واژه‌نامه‌ی انگلیسی به فارسی}{}% 20
