This is XeTeX, Version 3.14159265-2.6-0.999991 (TeX Live 2019/Debian) (preloaded format=xelatex 2023.8.2)  21 AUG 2023 12:28
entering extended mode
 restricted \write18 enabled.
 %&-line parsing enabled.
**chapter3.tex
(./chapter3.tex
LaTeX2e <2020-02-02> patch level 2
L3 programming layer <2020-02-14>)
! Emergency stop.
<*> chapter3.tex
                
*** (job aborted, no legal \end found)

 
Here is how much of TeX's memory you used:
 15 strings out of 479819
 301 string characters out of 5895847
 243730 words of memory out of 5000000
 17240 multiletter control sequences out of 15000+600000
 532338 words of font info for 24 fonts, out of 8000000 for 9000
 1348 hyphenation exceptions out of 8191
 12i,0n,15p,44b,8s stack positions out of 5000i,500n,10000p,200000b,80000s
No pages of output.
